2022-07-10 11:29:47,794 INFO  [restartedMain] com.greenrent.GreenRentApplication:Starting GreenRentApplication using Java 11.0.13 on DESKTOP-0OU8U4V with PID 14448 (C:\Users\x\IdeaProjects\GreenRent\target\classes started by x in C:\Users\x\IdeaProjects\GreenRent)
2022-07-10 11:29:47,840 DEBUG [restartedMain] com.greenrent.GreenRentApplication:Running with Spring Boot v2.6.9, Spring v5.3.21
2022-07-10 11:29:47,840 INFO  [restartedMain] com.greenrent.GreenRentApplication:No active profile set, falling back to 1 default profile: "default"
2022-07-10 11:29:48,262 INFO  [restartedMain] org.springframework.boot.devtools.env.DevToolsPropertyDefaultsPostProcessor:Devtools property defaults active! Set 'spring.devtools.add-properties' to 'false' to disable
2022-07-10 11:29:48,262 INFO  [restartedMain] org.springframework.boot.devtools.env.DevToolsPropertyDefaultsPostProcessor:For additional web related logging consider setting the 'logging.level.web' property to 'DEBUG'
2022-07-10 11:29:51,434 INFO  [restartedMain] org.springframework.data.repository.config.RepositoryConfigurationDelegate:Bootstrapping Spring Data JPA repositories in DEFAULT mode.
2022-07-10 11:29:51,559 INFO  [restartedMain] org.springframework.data.repository.config.RepositoryConfigurationDelegate:Finished Spring Data repository scanning in 107 ms. Found 3 JPA repository interfaces.
2022-07-10 11:29:53,090 INFO  [restartedMain] org.springframework.boot.web.embedded.tomcat.TomcatWebServer:Tomcat initialized with port(s): 8080 (http)
2022-07-10 11:29:53,153 INFO  [restartedMain] org.apache.catalina.core.StandardService:Starting service [Tomcat]
2022-07-10 11:29:53,153 INFO  [restartedMain] org.apache.catalina.core.StandardEngine:Starting Servlet engine: [Apache Tomcat/9.0.64]
2022-07-10 11:29:53,356 INFO  [restartedMain] org.apache.catalina.core.ContainerBase.[Tomcat].[localhost].[/]:Initializing Spring embedded WebApplicationContext
2022-07-10 11:29:53,356 INFO  [restartedMain] org.springframework.boot.web.servlet.context.ServletWebServerApplicationContext:Root WebApplicationContext: initialization completed in 5094 ms
2022-07-10 11:29:54,059 INFO  [restartedMain] org.hibernate.jpa.internal.util.LogHelper:HHH000204: Processing PersistenceUnitInfo [name: default]
2022-07-10 11:29:54,262 INFO  [restartedMain] org.hibernate.Version:HHH000412: Hibernate ORM core version 5.6.9.Final
2022-07-10 11:29:54,746 INFO  [restartedMain] org.hibernate.annotations.common.Version:HCANN000001: Hibernate Commons Annotations {5.1.2.Final}
2022-07-10 11:29:54,950 INFO  [restartedMain] com.zaxxer.hikari.HikariDataSource:HikariPool-1 - Starting...
2022-07-10 11:29:55,871 INFO  [restartedMain] com.zaxxer.hikari.HikariDataSource:HikariPool-1 - Start completed.
2022-07-10 11:29:55,981 INFO  [restartedMain] org.hibernate.dialect.Dialect:HHH000400: Using dialect: org.hibernate.dialect.PostgreSQLDialect
2022-07-10 11:29:58,471 INFO  [restartedMain] org.hibernate.engine.transaction.jta.platform.internal.JtaPlatformInitiator:HHH000490: Using JtaPlatform implementation: [org.hibernate.engine.transaction.jta.platform.internal.NoJtaPlatform]
2022-07-10 11:29:58,487 INFO  [restartedMain] org.springframework.orm.jpa.LocalContainerEntityManagerFactoryBean:Initialized JPA EntityManagerFactory for persistence unit 'default'
2022-07-10 11:29:59,127 WARN  [restartedMain] org.springframework.boot.autoconfigure.orm.jpa.JpaBaseConfiguration$JpaWebConfiguration:spring.jpa.open-in-view is enabled by default. Therefore, database queries may be performed during view rendering. Explicitly configure spring.jpa.open-in-view to disable this warning
2022-07-10 11:29:59,299 DEBUG [restartedMain] com.greenrent.security.jwt.AuthTokenFilter:Filter 'authenticationJwtTokenFilter' configured for use
2022-07-10 11:29:59,752 INFO  [restartedMain] org.springframework.security.web.DefaultSecurityFilterChain:Will secure any request with [org.springframework.security.web.context.request.async.WebAsyncManagerIntegrationFilter@292a8e29, org.springframework.security.web.context.SecurityContextPersistenceFilter@3613201, org.springframework.security.web.header.HeaderWriterFilter@417532d4, org.springframework.security.web.authentication.logout.LogoutFilter@6e53c6c7, com.greenrent.security.jwt.AuthTokenFilter@29ae0023, org.springframework.security.web.savedrequest.RequestCacheAwareFilter@41fe6d21, org.springframework.security.web.servletapi.SecurityContextHolderAwareRequestFilter@278ed0fa, org.springframework.security.web.authentication.AnonymousAuthenticationFilter@7bfc8571, org.springframework.security.web.session.SessionManagementFilter@6f97794, org.springframework.security.web.access.ExceptionTranslationFilter@46a242ce, org.springframework.security.web.access.intercept.FilterSecurityInterceptor@1692fc4d]
2022-07-10 11:30:00,877 INFO  [restartedMain] org.springframework.boot.devtools.autoconfigure.OptionalLiveReloadServer:LiveReload server is running on port 35729
2022-07-10 11:30:00,893 INFO  [restartedMain] org.springframework.boot.actuate.endpoint.web.EndpointLinksResolver:Exposing 1 endpoint(s) beneath base path '/actuator'
2022-07-10 11:30:01,018 INFO  [restartedMain] org.springframework.boot.web.embedded.tomcat.TomcatWebServer:Tomcat started on port(s): 8080 (http) with context path ''
2022-07-10 11:30:01,049 INFO  [restartedMain] com.greenrent.GreenRentApplication:Started GreenRentApplication in 14.653 seconds (JVM running for 20.747)
2022-07-10 11:30:01,909 INFO  [RMI TCP Connection(3)-192.168.1.109] org.apache.catalina.core.ContainerBase.[Tomcat].[localhost].[/]:Initializing Spring DispatcherServlet 'dispatcherServlet'
2022-07-10 11:30:01,909 INFO  [RMI TCP Connection(3)-192.168.1.109] org.springframework.web.servlet.DispatcherServlet:Initializing Servlet 'dispatcherServlet'
2022-07-10 11:30:01,924 INFO  [RMI TCP Connection(3)-192.168.1.109] org.springframework.web.servlet.DispatcherServlet:Completed initialization in 15 ms
2022-07-10 11:30:34,446 WARN  [http-nio-8080-exec-2] org.hibernate.engine.jdbc.spi.SqlExceptionHelper:SQL Error: 0, SQLState: 23502
2022-07-10 11:30:34,447 ERROR [http-nio-8080-exec-2] org.hibernate.engine.jdbc.spi.SqlExceptionHelper:ERROR: null value in column "adress" of relation "tbl_user" violates not-null constraint
  Ayr覺nt覺: Failing row contains (9, null, f, test@email.com, John, Coffee, $2a$10$4iG/FEkb/IrtN.2ccOMuve.SP878lB5xu5KEPNq2DiZTEa96LOFje, (541) 317-8828, 36548, NewYork,USA).
2022-07-10 11:30:34,536 WARN  [http-nio-8080-exec-2] org.springframework.web.servlet.mvc.method.annotation.ExceptionHandlerExceptionResolver:Resolved [org.springframework.dao.DataIntegrityViolationException: could not execute statement; SQL [n/a]; constraint [adress" of relation "tbl_user]; nested exception is org.hibernate.exception.ConstraintViolationException: could not execute statement]
2022-07-10 11:33:22,451 WARN  [http-nio-8080-exec-4] org.hibernate.engine.jdbc.spi.SqlExceptionHelper:SQL Error: 0, SQLState: 23502
2022-07-10 11:33:22,452 ERROR [http-nio-8080-exec-4] org.hibernate.engine.jdbc.spi.SqlExceptionHelper:ERROR: null value in column "adress" of relation "tbl_user" violates not-null constraint
  Ayr覺nt覺: Failing row contains (10, null, f, test@email.com, John, Coffee, $2a$10$8e40FWgdMZpAwQkpBUt7cORtD3lZCBIcOS7BVL4Y9X4Q5GJ0SHoBi, (541) 317-8828, 36548, NewYork,USA).
2022-07-10 11:33:22,456 WARN  [http-nio-8080-exec-4] org.springframework.web.servlet.mvc.method.annotation.ExceptionHandlerExceptionResolver:Resolved [org.springframework.dao.DataIntegrityViolationException: could not execute statement; SQL [n/a]; constraint [adress" of relation "tbl_user]; nested exception is org.hibernate.exception.ConstraintViolationException: could not execute statement]
2022-07-10 11:33:46,299 INFO  [SpringApplicationShutdownHook] org.springframework.orm.jpa.LocalContainerEntityManagerFactoryBean:Closing JPA EntityManagerFactory for persistence unit 'default'
2022-07-10 11:33:46,596 INFO  [SpringApplicationShutdownHook] com.zaxxer.hikari.HikariDataSource:HikariPool-1 - Shutdown initiated...
2022-07-10 11:33:46,627 INFO  [SpringApplicationShutdownHook] com.zaxxer.hikari.HikariDataSource:HikariPool-1 - Shutdown completed.
2022-07-10 11:56:14,653 INFO  [restartedMain] com.greenrent.GreenRentApplication:Starting GreenRentApplication using Java 11.0.13 on DESKTOP-0OU8U4V with PID 8200 (C:\Users\x\IdeaProjects\GreenRent\target\classes started by x in C:\Users\x\IdeaProjects\GreenRent)
2022-07-10 11:56:14,655 DEBUG [restartedMain] com.greenrent.GreenRentApplication:Running with Spring Boot v2.6.9, Spring v5.3.21
2022-07-10 11:56:14,657 INFO  [restartedMain] com.greenrent.GreenRentApplication:No active profile set, falling back to 1 default profile: "default"
2022-07-10 11:56:14,748 INFO  [restartedMain] org.springframework.boot.devtools.env.DevToolsPropertyDefaultsPostProcessor:Devtools property defaults active! Set 'spring.devtools.add-properties' to 'false' to disable
2022-07-10 11:56:14,748 INFO  [restartedMain] org.springframework.boot.devtools.env.DevToolsPropertyDefaultsPostProcessor:For additional web related logging consider setting the 'logging.level.web' property to 'DEBUG'
2022-07-10 11:56:16,441 INFO  [restartedMain] org.springframework.data.repository.config.RepositoryConfigurationDelegate:Bootstrapping Spring Data JPA repositories in DEFAULT mode.
2022-07-10 11:56:16,542 INFO  [restartedMain] org.springframework.data.repository.config.RepositoryConfigurationDelegate:Finished Spring Data repository scanning in 90 ms. Found 3 JPA repository interfaces.
2022-07-10 11:56:17,445 INFO  [restartedMain] org.springframework.boot.web.embedded.tomcat.TomcatWebServer:Tomcat initialized with port(s): 8080 (http)
2022-07-10 11:56:17,457 INFO  [restartedMain] org.apache.catalina.core.StandardService:Starting service [Tomcat]
2022-07-10 11:56:17,457 INFO  [restartedMain] org.apache.catalina.core.StandardEngine:Starting Servlet engine: [Apache Tomcat/9.0.64]
2022-07-10 11:56:17,837 INFO  [restartedMain] org.apache.catalina.core.ContainerBase.[Tomcat].[localhost].[/]:Initializing Spring embedded WebApplicationContext
2022-07-10 11:56:17,838 INFO  [restartedMain] org.springframework.boot.web.servlet.context.ServletWebServerApplicationContext:Root WebApplicationContext: initialization completed in 3088 ms
2022-07-10 11:56:18,169 INFO  [restartedMain] org.hibernate.jpa.internal.util.LogHelper:HHH000204: Processing PersistenceUnitInfo [name: default]
2022-07-10 11:56:18,246 INFO  [restartedMain] org.hibernate.Version:HHH000412: Hibernate ORM core version 5.6.9.Final
2022-07-10 11:56:18,423 INFO  [restartedMain] org.hibernate.annotations.common.Version:HCANN000001: Hibernate Commons Annotations {5.1.2.Final}
2022-07-10 11:56:18,569 INFO  [restartedMain] com.zaxxer.hikari.HikariDataSource:HikariPool-1 - Starting...
2022-07-10 11:56:18,812 INFO  [restartedMain] com.zaxxer.hikari.HikariDataSource:HikariPool-1 - Start completed.
2022-07-10 11:56:18,832 INFO  [restartedMain] org.hibernate.dialect.Dialect:HHH000400: Using dialect: org.hibernate.dialect.PostgreSQLDialect
2022-07-10 11:56:21,084 INFO  [restartedMain] org.hibernate.engine.transaction.jta.platform.internal.JtaPlatformInitiator:HHH000490: Using JtaPlatform implementation: [org.hibernate.engine.transaction.jta.platform.internal.NoJtaPlatform]
2022-07-10 11:56:21,096 INFO  [restartedMain] org.springframework.orm.jpa.LocalContainerEntityManagerFactoryBean:Initialized JPA EntityManagerFactory for persistence unit 'default'
2022-07-10 11:56:21,590 WARN  [restartedMain] org.springframework.boot.autoconfigure.orm.jpa.JpaBaseConfiguration$JpaWebConfiguration:spring.jpa.open-in-view is enabled by default. Therefore, database queries may be performed during view rendering. Explicitly configure spring.jpa.open-in-view to disable this warning
2022-07-10 11:56:21,691 DEBUG [restartedMain] com.greenrent.security.jwt.AuthTokenFilter:Filter 'authenticationJwtTokenFilter' configured for use
2022-07-10 11:56:22,014 INFO  [restartedMain] org.springframework.security.web.DefaultSecurityFilterChain:Will secure any request with [org.springframework.security.web.context.request.async.WebAsyncManagerIntegrationFilter@6aa857c9, org.springframework.security.web.context.SecurityContextPersistenceFilter@9dc72a6, org.springframework.security.web.header.HeaderWriterFilter@1960f5ee, org.springframework.security.web.authentication.logout.LogoutFilter@1cf7f06e, com.greenrent.security.jwt.AuthTokenFilter@2755a252, org.springframework.security.web.savedrequest.RequestCacheAwareFilter@348da4b9, org.springframework.security.web.servletapi.SecurityContextHolderAwareRequestFilter@30c18ed2, org.springframework.security.web.authentication.AnonymousAuthenticationFilter@7bf37500, org.springframework.security.web.session.SessionManagementFilter@7211b886, org.springframework.security.web.access.ExceptionTranslationFilter@33ddcbc6, org.springframework.security.web.access.intercept.FilterSecurityInterceptor@23d9b371]
2022-07-10 11:56:22,785 INFO  [restartedMain] org.springframework.boot.devtools.autoconfigure.OptionalLiveReloadServer:LiveReload server is running on port 35729
2022-07-10 11:56:22,793 INFO  [restartedMain] org.springframework.boot.actuate.endpoint.web.EndpointLinksResolver:Exposing 1 endpoint(s) beneath base path '/actuator'
2022-07-10 11:56:22,919 INFO  [restartedMain] org.springframework.boot.web.embedded.tomcat.TomcatWebServer:Tomcat started on port(s): 8080 (http) with context path ''
2022-07-10 11:56:22,942 INFO  [restartedMain] com.greenrent.GreenRentApplication:Started GreenRentApplication in 9.236 seconds (JVM running for 11.192)
2022-07-10 11:56:23,306 INFO  [RMI TCP Connection(1)-192.168.1.109] org.apache.catalina.core.ContainerBase.[Tomcat].[localhost].[/]:Initializing Spring DispatcherServlet 'dispatcherServlet'
2022-07-10 11:56:23,308 INFO  [RMI TCP Connection(1)-192.168.1.109] org.springframework.web.servlet.DispatcherServlet:Initializing Servlet 'dispatcherServlet'
2022-07-10 11:56:23,312 INFO  [RMI TCP Connection(1)-192.168.1.109] org.springframework.web.servlet.DispatcherServlet:Completed initialization in 3 ms
2022-07-10 12:14:29,928 INFO  [SpringApplicationShutdownHook] org.springframework.orm.jpa.LocalContainerEntityManagerFactoryBean:Closing JPA EntityManagerFactory for persistence unit 'default'
2022-07-10 12:14:29,934 INFO  [SpringApplicationShutdownHook] com.zaxxer.hikari.HikariDataSource:HikariPool-1 - Shutdown initiated...
2022-07-10 12:14:29,947 INFO  [SpringApplicationShutdownHook] com.zaxxer.hikari.HikariDataSource:HikariPool-1 - Shutdown completed.
2022-07-10 12:59:08,136 INFO  [restartedMain] com.greenrent.GreenRentApplication:Starting GreenRentApplication using Java 11.0.13 on DESKTOP-0OU8U4V with PID 13900 (C:\Users\x\IdeaProjects\GreenRent\target\classes started by x in C:\Users\x\IdeaProjects\GreenRent)
2022-07-10 12:59:08,138 DEBUG [restartedMain] com.greenrent.GreenRentApplication:Running with Spring Boot v2.6.9, Spring v5.3.21
2022-07-10 12:59:08,139 INFO  [restartedMain] com.greenrent.GreenRentApplication:No active profile set, falling back to 1 default profile: "default"
2022-07-10 12:59:08,302 INFO  [restartedMain] org.springframework.boot.devtools.env.DevToolsPropertyDefaultsPostProcessor:Devtools property defaults active! Set 'spring.devtools.add-properties' to 'false' to disable
2022-07-10 12:59:08,302 INFO  [restartedMain] org.springframework.boot.devtools.env.DevToolsPropertyDefaultsPostProcessor:For additional web related logging consider setting the 'logging.level.web' property to 'DEBUG'
2022-07-10 12:59:10,957 INFO  [restartedMain] org.springframework.data.repository.config.RepositoryConfigurationDelegate:Bootstrapping Spring Data JPA repositories in DEFAULT mode.
2022-07-10 12:59:11,080 INFO  [restartedMain] org.springframework.data.repository.config.RepositoryConfigurationDelegate:Finished Spring Data repository scanning in 112 ms. Found 3 JPA repository interfaces.
2022-07-10 12:59:12,394 INFO  [restartedMain] org.springframework.boot.web.embedded.tomcat.TomcatWebServer:Tomcat initialized with port(s): 8080 (http)
2022-07-10 12:59:12,429 INFO  [restartedMain] org.apache.catalina.core.StandardService:Starting service [Tomcat]
2022-07-10 12:59:12,429 INFO  [restartedMain] org.apache.catalina.core.StandardEngine:Starting Servlet engine: [Apache Tomcat/9.0.64]
2022-07-10 12:59:12,679 INFO  [restartedMain] org.apache.catalina.core.ContainerBase.[Tomcat].[localhost].[/]:Initializing Spring embedded WebApplicationContext
2022-07-10 12:59:12,679 INFO  [restartedMain] org.springframework.boot.web.servlet.context.ServletWebServerApplicationContext:Root WebApplicationContext: initialization completed in 4376 ms
2022-07-10 12:59:13,146 INFO  [restartedMain] org.hibernate.jpa.internal.util.LogHelper:HHH000204: Processing PersistenceUnitInfo [name: default]
2022-07-10 12:59:13,406 INFO  [restartedMain] org.hibernate.Version:HHH000412: Hibernate ORM core version 5.6.9.Final
2022-07-10 12:59:13,838 INFO  [restartedMain] org.hibernate.annotations.common.Version:HCANN000001: Hibernate Commons Annotations {5.1.2.Final}
2022-07-10 12:59:14,008 INFO  [restartedMain] com.zaxxer.hikari.HikariDataSource:HikariPool-1 - Starting...
2022-07-10 12:59:14,459 INFO  [restartedMain] com.zaxxer.hikari.HikariDataSource:HikariPool-1 - Start completed.
2022-07-10 12:59:14,536 INFO  [restartedMain] org.hibernate.dialect.Dialect:HHH000400: Using dialect: org.hibernate.dialect.PostgreSQLDialect
2022-07-10 12:59:16,248 INFO  [restartedMain] org.hibernate.engine.transaction.jta.platform.internal.JtaPlatformInitiator:HHH000490: Using JtaPlatform implementation: [org.hibernate.engine.transaction.jta.platform.internal.NoJtaPlatform]
2022-07-10 12:59:16,261 INFO  [restartedMain] org.springframework.orm.jpa.LocalContainerEntityManagerFactoryBean:Initialized JPA EntityManagerFactory for persistence unit 'default'
2022-07-10 12:59:16,922 WARN  [restartedMain] org.springframework.boot.autoconfigure.orm.jpa.JpaBaseConfiguration$JpaWebConfiguration:spring.jpa.open-in-view is enabled by default. Therefore, database queries may be performed during view rendering. Explicitly configure spring.jpa.open-in-view to disable this warning
2022-07-10 12:59:17,037 DEBUG [restartedMain] com.greenrent.security.jwt.AuthTokenFilter:Filter 'authenticationJwtTokenFilter' configured for use
2022-07-10 12:59:17,457 INFO  [restartedMain] org.springframework.security.web.DefaultSecurityFilterChain:Will secure any request with [org.springframework.security.web.context.request.async.WebAsyncManagerIntegrationFilter@30b7cb, org.springframework.security.web.context.SecurityContextPersistenceFilter@43dccc39, org.springframework.security.web.header.HeaderWriterFilter@840abf5, org.springframework.security.web.authentication.logout.LogoutFilter@2a51b6a4, com.greenrent.security.jwt.AuthTokenFilter@3fee42bf, org.springframework.security.web.savedrequest.RequestCacheAwareFilter@5d6158c, org.springframework.security.web.servletapi.SecurityContextHolderAwareRequestFilter@133baaec, org.springframework.security.web.authentication.AnonymousAuthenticationFilter@20118095, org.springframework.security.web.session.SessionManagementFilter@7b1da96f, org.springframework.security.web.access.ExceptionTranslationFilter@76d3a35e, org.springframework.security.web.access.intercept.FilterSecurityInterceptor@67833780]
2022-07-10 12:59:18,790 INFO  [restartedMain] org.springframework.boot.devtools.autoconfigure.OptionalLiveReloadServer:LiveReload server is running on port 35729
2022-07-10 12:59:18,798 INFO  [restartedMain] org.springframework.boot.actuate.endpoint.web.EndpointLinksResolver:Exposing 1 endpoint(s) beneath base path '/actuator'
2022-07-10 12:59:18,903 INFO  [restartedMain] org.springframework.boot.web.embedded.tomcat.TomcatWebServer:Tomcat started on port(s): 8080 (http) with context path ''
2022-07-10 12:59:18,927 INFO  [restartedMain] com.greenrent.GreenRentApplication:Started GreenRentApplication in 12.01 seconds (JVM running for 18.314)
2022-07-10 12:59:19,560 INFO  [RMI TCP Connection(2)-192.168.1.109] org.apache.catalina.core.ContainerBase.[Tomcat].[localhost].[/]:Initializing Spring DispatcherServlet 'dispatcherServlet'
2022-07-10 12:59:19,562 INFO  [RMI TCP Connection(2)-192.168.1.109] org.springframework.web.servlet.DispatcherServlet:Initializing Servlet 'dispatcherServlet'
2022-07-10 12:59:19,565 INFO  [RMI TCP Connection(2)-192.168.1.109] org.springframework.web.servlet.DispatcherServlet:Completed initialization in 3 ms
2022-07-10 12:59:31,143 WARN  [http-nio-8080-exec-2] org.springframework.web.servlet.mvc.method.annotation.ExceptionHandlerExceptionResolver:Resolved [com.greenrent.exception.ResourceNotFoundException: Role with name ROLE_CUSTOMER not found]
2022-07-10 13:07:50,798 INFO  [SpringApplicationShutdownHook] org.springframework.orm.jpa.LocalContainerEntityManagerFactoryBean:Closing JPA EntityManagerFactory for persistence unit 'default'
2022-07-10 13:07:51,126 INFO  [SpringApplicationShutdownHook] com.zaxxer.hikari.HikariDataSource:HikariPool-1 - Shutdown initiated...
2022-07-10 13:07:51,142 INFO  [SpringApplicationShutdownHook] com.zaxxer.hikari.HikariDataSource:HikariPool-1 - Shutdown completed.
2022-07-10 14:03:37,207 INFO  [restartedMain] com.greenrent.GreenRentApplication:Starting GreenRentApplication using Java 11.0.13 on DESKTOP-0OU8U4V with PID 13716 (C:\Users\x\IdeaProjects\GreenRent\target\classes started by x in C:\Users\x\IdeaProjects\GreenRent)
2022-07-10 14:03:37,223 DEBUG [restartedMain] com.greenrent.GreenRentApplication:Running with Spring Boot v2.6.9, Spring v5.3.21
2022-07-10 14:03:37,223 INFO  [restartedMain] com.greenrent.GreenRentApplication:No active profile set, falling back to 1 default profile: "default"
2022-07-10 14:03:37,334 INFO  [restartedMain] org.springframework.boot.devtools.env.DevToolsPropertyDefaultsPostProcessor:Devtools property defaults active! Set 'spring.devtools.add-properties' to 'false' to disable
2022-07-10 14:03:37,334 INFO  [restartedMain] org.springframework.boot.devtools.env.DevToolsPropertyDefaultsPostProcessor:For additional web related logging consider setting the 'logging.level.web' property to 'DEBUG'
2022-07-10 14:03:39,584 INFO  [restartedMain] org.springframework.data.repository.config.RepositoryConfigurationDelegate:Bootstrapping Spring Data JPA repositories in DEFAULT mode.
2022-07-10 14:03:39,694 INFO  [restartedMain] org.springframework.data.repository.config.RepositoryConfigurationDelegate:Finished Spring Data repository scanning in 110 ms. Found 3 JPA repository interfaces.
2022-07-10 14:03:41,162 INFO  [restartedMain] org.springframework.boot.web.embedded.tomcat.TomcatWebServer:Tomcat initialized with port(s): 8080 (http)
2022-07-10 14:03:41,194 INFO  [restartedMain] org.apache.catalina.core.StandardService:Starting service [Tomcat]
2022-07-10 14:03:41,194 INFO  [restartedMain] org.apache.catalina.core.StandardEngine:Starting Servlet engine: [Apache Tomcat/9.0.64]
2022-07-10 14:03:41,412 INFO  [restartedMain] org.apache.catalina.core.ContainerBase.[Tomcat].[localhost].[/]:Initializing Spring embedded WebApplicationContext
2022-07-10 14:03:41,412 INFO  [restartedMain] org.springframework.boot.web.servlet.context.ServletWebServerApplicationContext:Root WebApplicationContext: initialization completed in 4062 ms
2022-07-10 14:03:41,928 INFO  [restartedMain] org.hibernate.jpa.internal.util.LogHelper:HHH000204: Processing PersistenceUnitInfo [name: default]
2022-07-10 14:03:42,194 INFO  [restartedMain] org.hibernate.Version:HHH000412: Hibernate ORM core version 5.6.9.Final
2022-07-10 14:03:42,678 INFO  [restartedMain] org.hibernate.annotations.common.Version:HCANN000001: Hibernate Commons Annotations {5.1.2.Final}
2022-07-10 14:03:42,912 INFO  [restartedMain] com.zaxxer.hikari.HikariDataSource:HikariPool-1 - Starting...
2022-07-10 14:03:43,553 INFO  [restartedMain] com.zaxxer.hikari.HikariDataSource:HikariPool-1 - Start completed.
2022-07-10 14:03:43,631 INFO  [restartedMain] org.hibernate.dialect.Dialect:HHH000400: Using dialect: org.hibernate.dialect.PostgreSQLDialect
2022-07-10 14:03:45,193 INFO  [restartedMain] org.hibernate.engine.transaction.jta.platform.internal.JtaPlatformInitiator:HHH000490: Using JtaPlatform implementation: [org.hibernate.engine.transaction.jta.platform.internal.NoJtaPlatform]
2022-07-10 14:03:45,209 INFO  [restartedMain] org.springframework.orm.jpa.LocalContainerEntityManagerFactoryBean:Initialized JPA EntityManagerFactory for persistence unit 'default'
2022-07-10 14:03:45,818 WARN  [restartedMain] org.springframework.boot.autoconfigure.orm.jpa.JpaBaseConfiguration$JpaWebConfiguration:spring.jpa.open-in-view is enabled by default. Therefore, database queries may be performed during view rendering. Explicitly configure spring.jpa.open-in-view to disable this warning
2022-07-10 14:03:45,943 DEBUG [restartedMain] com.greenrent.security.jwt.AuthTokenFilter:Filter 'authenticationJwtTokenFilter' configured for use
2022-07-10 14:03:46,318 INFO  [restartedMain] org.springframework.security.web.DefaultSecurityFilterChain:Will secure any request with [org.springframework.security.web.context.request.async.WebAsyncManagerIntegrationFilter@1f375d81, org.springframework.security.web.context.SecurityContextPersistenceFilter@28014541, org.springframework.security.web.header.HeaderWriterFilter@53ef9076, org.springframework.security.web.authentication.logout.LogoutFilter@8fb4164, com.greenrent.security.jwt.AuthTokenFilter@10693fdd, org.springframework.security.web.savedrequest.RequestCacheAwareFilter@5971af4c, org.springframework.security.web.servletapi.SecurityContextHolderAwareRequestFilter@1efb7f9b, org.springframework.security.web.authentication.AnonymousAuthenticationFilter@34abc77e, org.springframework.security.web.session.SessionManagementFilter@7adfd8b2, org.springframework.security.web.access.ExceptionTranslationFilter@2eb904f4, org.springframework.security.web.access.intercept.FilterSecurityInterceptor@219a3caf]
2022-07-10 14:03:47,644 INFO  [restartedMain] org.springframework.boot.devtools.autoconfigure.OptionalLiveReloadServer:LiveReload server is running on port 35729
2022-07-10 14:03:47,644 INFO  [restartedMain] org.springframework.boot.actuate.endpoint.web.EndpointLinksResolver:Exposing 1 endpoint(s) beneath base path '/actuator'
2022-07-10 14:03:47,801 INFO  [restartedMain] org.springframework.boot.web.embedded.tomcat.TomcatWebServer:Tomcat started on port(s): 8080 (http) with context path ''
2022-07-10 14:03:47,832 INFO  [restartedMain] com.greenrent.GreenRentApplication:Started GreenRentApplication in 11.49 seconds (JVM running for 48.787)
2022-07-10 14:03:48,832 INFO  [RMI TCP Connection(3)-192.168.1.109] org.apache.catalina.core.ContainerBase.[Tomcat].[localhost].[/]:Initializing Spring DispatcherServlet 'dispatcherServlet'
2022-07-10 14:03:48,832 INFO  [RMI TCP Connection(3)-192.168.1.109] org.springframework.web.servlet.DispatcherServlet:Initializing Servlet 'dispatcherServlet'
2022-07-10 14:03:48,832 INFO  [RMI TCP Connection(3)-192.168.1.109] org.springframework.web.servlet.DispatcherServlet:Completed initialization in 0 ms
2022-07-10 14:07:42,739 INFO  [SpringApplicationShutdownHook] org.springframework.orm.jpa.LocalContainerEntityManagerFactoryBean:Closing JPA EntityManagerFactory for persistence unit 'default'
2022-07-10 14:07:42,754 INFO  [SpringApplicationShutdownHook] com.zaxxer.hikari.HikariDataSource:HikariPool-1 - Shutdown initiated...
2022-07-10 14:07:42,770 INFO  [SpringApplicationShutdownHook] com.zaxxer.hikari.HikariDataSource:HikariPool-1 - Shutdown completed.
